[2022-08-26 13:48:30] production.ERROR: Command "key:generete" is not defined.

Did you mean one of these?
    event:generate
    key:generate {"exception":"[object] (Symfony\\Component\\Console\\Exception\\CommandNotFoundException(code: 0): Command \"key:generete\" is not defined.

Did you mean one of these?
    event:generate
    key:generate at C:\\Users\\UTENTE\\Documents\\Boolean Careers\\Esercizi Boolean\\php\\laravel_boolgames2\\vendor\\symfony\\console\\Application.php:718)
[stacktrace]
#0 C:\\Users\\UTENTE\\Documents\\Boolean Careers\\Esercizi Boolean\\php\\laravel_boolgames2\\vendor\\symfony\\console\\Application.php(259): Symfony\\Component\\Console\\Application->find()
#1 C:\\Users\\UTENTE\\Documents\\Boolean Careers\\Esercizi Boolean\\php\\laravel_boolgames2\\vendor\\symfony\\console\\Application.php(171): Symfony\\Component\\Console\\Application->doRun()
#2 C:\\Users\\UTENTE\\Documents\\Boolean Careers\\Esercizi Boolean\\php\\laravel_boolgames2\\vendor\\laravel\\framework\\src\\Illuminate\\Console\\Application.php(93): Symfony\\Component\\Console\\Application->run()
#3 C:\\Users\\UTENTE\\Documents\\Boolean Careers\\Esercizi Boolean\\php\\laravel_boolgames2\\vendor\\laravel\\framework\\src\\Illuminate\\Foundation\\Console\\Kernel.php(129): Illuminate\\Console\\Application->run()
#4 C:\\Users\\UTENTE\\Documents\\Boolean Careers\\Esercizi Boolean\\php\\laravel_boolgames2\\artisan(37): Illuminate\\Foundation\\Console\\Kernel->handle()
#5 {main}
"} 
[2022-08-26 13:50:25] local.ERROR: Command "key:generete" is not defined.

Did you mean one of these?
    event:generate
    key:generate {"exception":"[object] (Symfony\\Component\\Console\\Exception\\CommandNotFoundException(code: 0): Command \"key:generete\" is not defined.

Did you mean one of these?
    event:generate
    key:generate at C:\\Users\\UTENTE\\Documents\\Boolean Careers\\Esercizi Boolean\\php\\laravel_boolgames2\\vendor\\symfony\\console\\Application.php:718)
[stacktrace]
#0 C:\\Users\\UTENTE\\Documents\\Boolean Careers\\Esercizi Boolean\\php\\laravel_boolgames2\\vendor\\symfony\\console\\Application.php(259): Symfony\\Component\\Console\\Application->find()
#1 C:\\Users\\UTENTE\\Documents\\Boolean Careers\\Esercizi Boolean\\php\\laravel_boolgames2\\vendor\\symfony\\console\\Application.php(171): Symfony\\Component\\Console\\Application->doRun()
#2 C:\\Users\\UTENTE\\Documents\\Boolean Careers\\Esercizi Boolean\\php\\laravel_boolgames2\\vendor\\laravel\\framework\\src\\Illuminate\\Console\\Application.php(93): Symfony\\Component\\Console\\Application->run()
#3 C:\\Users\\UTENTE\\Documents\\Boolean Careers\\Esercizi Boolean\\php\\laravel_boolgames2\\vendor\\laravel\\framework\\src\\Illuminate\\Foundation\\Console\\Kernel.php(129): Illuminate\\Console\\Application->run()
#4 C:\\Users\\UTENTE\\Documents\\Boolean Careers\\Esercizi Boolean\\php\\laravel_boolgames2\\artisan(37): Illuminate\\Foundation\\Console\\Kernel->handle()
#5 {main}
"} 
[2022-08-26 14:27:44] local.ERROR: In order to use the Auth::routes() method, please install the laravel/ui package. {"exception":"[object] (RuntimeException(code: 0): In order to use the Auth::routes() method, please install the laravel/ui package. at C:\\Users\\UTENTE\\Documents\\Boolean Careers\\Esercizi Boolean\\php\\laravel_boolgames2\\vendor\\laravel\\framework\\src\\Illuminate\\Support\\Facades\\Auth.php:56)
[stacktrace]
#0 C:\\Users\\UTENTE\\Documents\\Boolean Careers\\Esercizi Boolean\\php\\laravel_boolgames2\\routes\\web.php(20): Illuminate\\Support\\Facades\\Auth::routes()
#1 C:\\Users\\UTENTE\\Documents\\Boolean Careers\\Esercizi Boolean\\php\\laravel_boolgames2\\vendor\\laravel\\framework\\src\\Illuminate\\Routing\\RouteFileRegistrar.php(35): require('C:\\\\Users\\\\UTENTE...')
#2 C:\\Users\\UTENTE\\Documents\\Boolean Careers\\Esercizi Boolean\\php\\laravel_boolgames2\\vendor\\laravel\\framework\\src\\Illuminate\\Routing\\Router.php(417): Illuminate\\Routing\\RouteFileRegistrar->register()
#3 C:\\Users\\UTENTE\\Documents\\Boolean Careers\\Esercizi Boolean\\php\\laravel_boolgames2\\vendor\\laravel\\framework\\src\\Illuminate\\Routing\\Router.php(374): Illuminate\\Routing\\Router->loadRoutes()
#4 C:\\Users\\UTENTE\\Documents\\Boolean Careers\\Esercizi Boolean\\php\\laravel_boolgames2\\vendor\\laravel\\framework\\src\\Illuminate\\Routing\\RouteRegistrar.php(135): Illuminate\\Routing\\Router->group()
#5 C:\\Users\\UTENTE\\Documents\\Boolean Careers\\Esercizi Boolean\\php\\laravel_boolgames2\\app\\Providers\\RouteServiceProvider.php(63): Illuminate\\Routing\\RouteRegistrar->group()
#6 C:\\Users\\UTENTE\\Documents\\Boolean Careers\\Esercizi Boolean\\php\\laravel_boolgames2\\app\\Providers\\RouteServiceProvider.php(47): App\\Providers\\RouteServiceProvider->mapWebRoutes()
#7 C:\\Users\\UTENTE\\Documents\\Boolean Careers\\Esercizi Boolean\\php\\laravel_boolgames2\\vendor\\laravel\\framework\\src\\Illuminate\\Container\\BoundMethod.php(36): App\\Providers\\RouteServiceProvider->map()
#8 C:\\Users\\UTENTE\\Documents\\Boolean Careers\\Esercizi Boolean\\php\\laravel_boolgames2\\vendor\\laravel\\framework\\src\\Illuminate\\Container\\Util.php(37): Illuminate\\Container\\BoundMethod::Illuminate\\Container\\{closure}()
#9 C:\\Users\\UTENTE\\Documents\\Boolean Careers\\Esercizi Boolean\\php\\laravel_boolgames2\\vendor\\laravel\\framework\\src\\Illuminate\\Container\\BoundMethod.php(93): Illuminate\\Container\\Util::unwrapIfClosure()
#10 C:\\Users\\UTENTE\\Documents\\Boolean Careers\\Esercizi Boolean\\php\\laravel_boolgames2\\vendor\\laravel\\framework\\src\\Illuminate\\Container\\BoundMethod.php(37): Illuminate\\Container\\BoundMethod::callBoundMethod()
#11 C:\\Users\\UTENTE\\Documents\\Boolean Careers\\Esercizi Boolean\\php\\laravel_boolgames2\\vendor\\laravel\\framework\\src\\Illuminate\\Container\\Container.php(596): Illuminate\\Container\\BoundMethod::call()
#12 C:\\Users\\UTENTE\\Documents\\Boolean Careers\\Esercizi Boolean\\php\\laravel_boolgames2\\vendor\\laravel\\framework\\src\\Illuminate\\Foundation\\Support\\Providers\\RouteServiceProvider.php(87): Illuminate\\Container\\Container->call()
#13 C:\\Users\\UTENTE\\Documents\\Boolean Careers\\Esercizi Boolean\\php\\laravel_boolgames2\\vendor\\laravel\\framework\\src\\Illuminate\\Foundation\\Support\\Providers\\RouteServiceProvider.php(36): Illuminate\\Foundation\\Support\\Providers\\RouteServiceProvider->loadRoutes()
#14 C:\\Users\\UTENTE\\Documents\\Boolean Careers\\Esercizi Boolean\\php\\laravel_boolgames2\\app\\Providers\\RouteServiceProvider.php(35): Illuminate\\Foundation\\Support\\Providers\\RouteServiceProvider->boot()
#15 C:\\Users\\UTENTE\\Documents\\Boolean Careers\\Esercizi Boolean\\php\\laravel_boolgames2\\vendor\\laravel\\framework\\src\\Illuminate\\Container\\BoundMethod.php(36): App\\Providers\\RouteServiceProvider->boot()
#16 C:\\Users\\UTENTE\\Documents\\Boolean Careers\\Esercizi Boolean\\php\\laravel_boolgames2\\vendor\\laravel\\framework\\src\\Illuminate\\Container\\Util.php(37): Illuminate\\Container\\BoundMethod::Illuminate\\Container\\{closure}()
#17 C:\\Users\\UTENTE\\Documents\\Boolean Careers\\Esercizi Boolean\\php\\laravel_boolgames2\\vendor\\laravel\\framework\\src\\Illuminate\\Container\\BoundMethod.php(93): Illuminate\\Container\\Util::unwrapIfClosure()
#18 C:\\Users\\UTENTE\\Documents\\Boolean Careers\\Esercizi Boolean\\php\\laravel_boolgames2\\vendor\\laravel\\framework\\src\\Illuminate\\Container\\BoundMethod.php(37): Illuminate\\Container\\BoundMethod::callBoundMethod()
#19 C:\\Users\\UTENTE\\Documents\\Boolean Careers\\Esercizi Boolean\\php\\laravel_boolgames2\\vendor\\laravel\\framework\\src\\Illuminate\\Container\\Container.php(596): Illuminate\\Container\\BoundMethod::call()
#20 C:\\Users\\UTENTE\\Documents\\Boolean Careers\\Esercizi Boolean\\php\\laravel_boolgames2\\vendor\\laravel\\framework\\src\\Illuminate\\Foundation\\Application.php(867): Illuminate\\Container\\Container->call()
#21 C:\\Users\\UTENTE\\Documents\\Boolean Careers\\Esercizi Boolean\\php\\laravel_boolgames2\\vendor\\laravel\\framework\\src\\Illuminate\\Foundation\\Application.php(850): Illuminate\\Foundation\\Application->bootProvider()
#22 [internal function]: Illuminate\\Foundation\\Application->Illuminate\\Foundation\\{closure}()
#23 C:\\Users\\UTENTE\\Documents\\Boolean Careers\\Esercizi Boolean\\php\\laravel_boolgames2\\vendor\\laravel\\framework\\src\\Illuminate\\Foundation\\Application.php(851): array_walk()
#24 C:\\Users\\UTENTE\\Documents\\Boolean Careers\\Esercizi Boolean\\php\\laravel_boolgames2\\vendor\\laravel\\framework\\src\\Illuminate\\Foundation\\Bootstrap\\BootProviders.php(17): Illuminate\\Foundation\\Application->boot()
#25 C:\\Users\\UTENTE\\Documents\\Boolean Careers\\Esercizi Boolean\\php\\laravel_boolgames2\\vendor\\laravel\\framework\\src\\Illuminate\\Foundation\\Application.php(230): Illuminate\\Foundation\\Bootstrap\\BootProviders->bootstrap()
#26 C:\\Users\\UTENTE\\Documents\\Boolean Careers\\Esercizi Boolean\\php\\laravel_boolgames2\\vendor\\laravel\\framework\\src\\Illuminate\\Foundation\\Http\\Kernel.php(151): Illuminate\\Foundation\\Application->bootstrapWith()
#27 C:\\Users\\UTENTE\\Documents\\Boolean Careers\\Esercizi Boolean\\php\\laravel_boolgames2\\vendor\\laravel\\framework\\src\\Illuminate\\Foundation\\Http\\Kernel.php(135): Illuminate\\Foundation\\Http\\Kernel->bootstrap()
#28 C:\\Users\\UTENTE\\Documents\\Boolean Careers\\Esercizi Boolean\\php\\laravel_boolgames2\\vendor\\laravel\\framework\\src\\Illuminate\\Foundation\\Http\\Kernel.php(109): Illuminate\\Foundation\\Http\\Kernel->sendRequestThroughRouter()
#29 C:\\Users\\UTENTE\\Documents\\Boolean Careers\\Esercizi Boolean\\php\\laravel_boolgames2\\public\\index.php(55): Illuminate\\Foundation\\Http\\Kernel->handle()
#30 C:\\Users\\UTENTE\\Documents\\Boolean Careers\\Esercizi Boolean\\php\\laravel_boolgames2\\server.php(21): require_once('C:\\\\Users\\\\UTENTE...')
#31 {main}
"} 
[2022-08-26 14:28:54] local.ERROR: In order to use the Auth::routes() method, please install the laravel/ui package. {"exception":"[object] (RuntimeException(code: 0): In order to use the Auth::routes() method, please install the laravel/ui package. at C:\\Users\\UTENTE\\Documents\\Boolean Careers\\Esercizi Boolean\\php\\laravel_boolgames2\\vendor\\laravel\\framework\\src\\Illuminate\\Support\\Facades\\Auth.php:56)
[stacktrace]
#0 C:\\Users\\UTENTE\\Documents\\Boolean Careers\\Esercizi Boolean\\php\\laravel_boolgames2\\routes\\web.php(20): Illuminate\\Support\\Facades\\Auth::routes()
#1 C:\\Users\\UTENTE\\Documents\\Boolean Careers\\Esercizi Boolean\\php\\laravel_boolgames2\\vendor\\laravel\\framework\\src\\Illuminate\\Routing\\RouteFileRegistrar.php(35): require('C:\\\\Users\\\\UTENTE...')
#2 C:\\Users\\UTENTE\\Documents\\Boolean Careers\\Esercizi Boolean\\php\\laravel_boolgames2\\vendor\\laravel\\framework\\src\\Illuminate\\Routing\\Router.php(417): Illuminate\\Routing\\RouteFileRegistrar->register()
#3 C:\\Users\\UTENTE\\Documents\\Boolean Careers\\Esercizi Boolean\\php\\laravel_boolgames2\\vendor\\laravel\\framework\\src\\Illuminate\\Routing\\Router.php(374): Illuminate\\Routing\\Router->loadRoutes()
#4 C:\\Users\\UTENTE\\Documents\\Boolean Careers\\Esercizi Boolean\\php\\laravel_boolgames2\\vendor\\laravel\\framework\\src\\Illuminate\\Routing\\RouteRegistrar.php(135): Illuminate\\Routing\\Router->group()
#5 C:\\Users\\UTENTE\\Documents\\Boolean Careers\\Esercizi Boolean\\php\\laravel_boolgames2\\app\\Providers\\RouteServiceProvider.php(63): Illuminate\\Routing\\RouteRegistrar->group()
#6 C:\\Users\\UTENTE\\Documents\\Boolean Careers\\Esercizi Boolean\\php\\laravel_boolgames2\\app\\Providers\\RouteServiceProvider.php(47): App\\Providers\\RouteServiceProvider->mapWebRoutes()
#7 C:\\Users\\UTENTE\\Documents\\Boolean Careers\\Esercizi Boolean\\php\\laravel_boolgames2\\vendor\\laravel\\framework\\src\\Illuminate\\Container\\BoundMethod.php(36): App\\Providers\\RouteServiceProvider->map()
#8 C:\\Users\\UTENTE\\Documents\\Boolean Careers\\Esercizi Boolean\\php\\laravel_boolgames2\\vendor\\laravel\\framework\\src\\Illuminate\\Container\\Util.php(37): Illuminate\\Container\\BoundMethod::Illuminate\\Container\\{closure}()
#9 C:\\Users\\UTENTE\\Documents\\Boolean Careers\\Esercizi Boolean\\php\\laravel_boolgames2\\vendor\\laravel\\framework\\src\\Illuminate\\Container\\BoundMethod.php(93): Illuminate\\Container\\Util::unwrapIfClosure()
#10 C:\\Users\\UTENTE\\Documents\\Boolean Careers\\Esercizi Boolean\\php\\laravel_boolgames2\\vendor\\laravel\\framework\\src\\Illuminate\\Container\\BoundMethod.php(37): Illuminate\\Container\\BoundMethod::callBoundMethod()
#11 C:\\Users\\UTENTE\\Documents\\Boolean Careers\\Esercizi Boolean\\php\\laravel_boolgames2\\vendor\\laravel\\framework\\src\\Illuminate\\Container\\Container.php(596): Illuminate\\Container\\BoundMethod::call()
#12 C:\\Users\\UTENTE\\Documents\\Boolean Careers\\Esercizi Boolean\\php\\laravel_boolgames2\\vendor\\laravel\\framework\\src\\Illuminate\\Foundation\\Support\\Providers\\RouteServiceProvider.php(87): Illuminate\\Container\\Container->call()
#13 C:\\Users\\UTENTE\\Documents\\Boolean Careers\\Esercizi Boolean\\php\\laravel_boolgames2\\vendor\\laravel\\framework\\src\\Illuminate\\Foundation\\Support\\Providers\\RouteServiceProvider.php(36): Illuminate\\Foundation\\Support\\Providers\\RouteServiceProvider->loadRoutes()
#14 C:\\Users\\UTENTE\\Documents\\Boolean Careers\\Esercizi Boolean\\php\\laravel_boolgames2\\app\\Providers\\RouteServiceProvider.php(35): Illuminate\\Foundation\\Support\\Providers\\RouteServiceProvider->boot()
#15 C:\\Users\\UTENTE\\Documents\\Boolean Careers\\Esercizi Boolean\\php\\laravel_boolgames2\\vendor\\laravel\\framework\\src\\Illuminate\\Container\\BoundMethod.php(36): App\\Providers\\RouteServiceProvider->boot()
#16 C:\\Users\\UTENTE\\Documents\\Boolean Careers\\Esercizi Boolean\\php\\laravel_boolgames2\\vendor\\laravel\\framework\\src\\Illuminate\\Container\\Util.php(37): Illuminate\\Container\\BoundMethod::Illuminate\\Container\\{closure}()
#17 C:\\Users\\UTENTE\\Documents\\Boolean Careers\\Esercizi Boolean\\php\\laravel_boolgames2\\vendor\\laravel\\framework\\src\\Illuminate\\Container\\BoundMethod.php(93): Illuminate\\Container\\Util::unwrapIfClosure()
#18 C:\\Users\\UTENTE\\Documents\\Boolean Careers\\Esercizi Boolean\\php\\laravel_boolgames2\\vendor\\laravel\\framework\\src\\Illuminate\\Container\\BoundMethod.php(37): Illuminate\\Container\\BoundMethod::callBoundMethod()
#19 C:\\Users\\UTENTE\\Documents\\Boolean Careers\\Esercizi Boolean\\php\\laravel_boolgames2\\vendor\\laravel\\framework\\src\\Illuminate\\Container\\Container.php(596): Illuminate\\Container\\BoundMethod::call()
#20 C:\\Users\\UTENTE\\Documents\\Boolean Careers\\Esercizi Boolean\\php\\laravel_boolgames2\\vendor\\laravel\\framework\\src\\Illuminate\\Foundation\\Application.php(867): Illuminate\\Container\\Container->call()
#21 C:\\Users\\UTENTE\\Documents\\Boolean Careers\\Esercizi Boolean\\php\\laravel_boolgames2\\vendor\\laravel\\framework\\src\\Illuminate\\Foundation\\Application.php(850): Illuminate\\Foundation\\Application->bootProvider()
#22 [internal function]: Illuminate\\Foundation\\Application->Illuminate\\Foundation\\{closure}()
#23 C:\\Users\\UTENTE\\Documents\\Boolean Careers\\Esercizi Boolean\\php\\laravel_boolgames2\\vendor\\laravel\\framework\\src\\Illuminate\\Foundation\\Application.php(851): array_walk()
#24 C:\\Users\\UTENTE\\Documents\\Boolean Careers\\Esercizi Boolean\\php\\laravel_boolgames2\\vendor\\laravel\\framework\\src\\Illuminate\\Foundation\\Bootstrap\\BootProviders.php(17): Illuminate\\Foundation\\Application->boot()
#25 C:\\Users\\UTENTE\\Documents\\Boolean Careers\\Esercizi Boolean\\php\\laravel_boolgames2\\vendor\\laravel\\framework\\src\\Illuminate\\Foundation\\Application.php(230): Illuminate\\Foundation\\Bootstrap\\BootProviders->bootstrap()
#26 C:\\Users\\UTENTE\\Documents\\Boolean Careers\\Esercizi Boolean\\php\\laravel_boolgames2\\vendor\\laravel\\framework\\src\\Illuminate\\Foundation\\Http\\Kernel.php(151): Illuminate\\Foundation\\Application->bootstrapWith()
#27 C:\\Users\\UTENTE\\Documents\\Boolean Careers\\Esercizi Boolean\\php\\laravel_boolgames2\\vendor\\laravel\\framework\\src\\Illuminate\\Foundation\\Http\\Kernel.php(135): Illuminate\\Foundation\\Http\\Kernel->bootstrap()
#28 C:\\Users\\UTENTE\\Documents\\Boolean Careers\\Esercizi Boolean\\php\\laravel_boolgames2\\vendor\\laravel\\framework\\src\\Illuminate\\Foundation\\Http\\Kernel.php(109): Illuminate\\Foundation\\Http\\Kernel->sendRequestThroughRouter()
#29 C:\\Users\\UTENTE\\Documents\\Boolean Careers\\Esercizi Boolean\\php\\laravel_boolgames2\\public\\index.php(55): Illuminate\\Foundation\\Http\\Kernel->handle()
#30 C:\\Users\\UTENTE\\Documents\\Boolean Careers\\Esercizi Boolean\\php\\laravel_boolgames2\\server.php(21): require_once('C:\\\\Users\\\\UTENTE...')
#31 {main}
"} 
